TN:
SF:/Volumes/x/code/rocketchat/Rocket.Chat.js.SDK/src/lib/driver.ts
FN:36,connectDefaults
FN:47,respondDefaults
FN:50,(anonymous_10)
FN:108,useLog
FN:129,connect
FN:130,(anonymous_13)
FN:143,(anonymous_14)
FN:144,(anonymous_15)
FN:146,(anonymous_16)
FN:157,(anonymous_17)
FN:171,disconnect
FN:174,(anonymous_19)
FN:184,setupMethodCache
FN:205,asyncCall
FN:209,(anonymous_22)
FN:213,(anonymous_23)
FN:226,callMethod
FN:237,cacheCall
FN:239,(anonymous_26)
FN:243,(anonymous_27)
FN:255,login
FN:272,(anonymous_29)
FN:276,(anonymous_30)
FN:283,logout
FN:284,(anonymous_32)
FN:295,subscribe
FN:296,(anonymous_34)
FN:300,(anonymous_35)
FN:322,unsubscribe
FN:332,unsubscribeAll
FN:333,(anonymous_38)
FN:340,subscribeToMessages
FN:342,(anonymous_40)
FN:373,reactToMessages
FN:376,(anonymous_42)
FN:401,respondToMessages
FN:413,(anonymous_44)
FN:419,(anonymous_45)
FN:419,(anonymous_46)
FN:492,getRoomId
FN:497,getRoomName
FN:506,getDirectMessageRoomId
FN:507,(anonymous_50)
FN:511,joinRoom
FN:523,leaveRoom
FN:535,joinRooms
FN:536,(anonymous_56)
FN:543,prepareMessage
FN:553,sendMessage
FN:562,sendToRoomId
FN:566,(anonymous_60)
FN:577,sendToRoom
FN:578,(anonymous_62)
FN:586,sendDirectToUser
FN:587,(anonymous_64)
FNF:55
FNH:40
FNDA:36,connectDefaults
FNDA:12,respondDefaults
FNDA:21,(anonymous_10)
FNDA:0,useLog
FNDA:31,connect
FNDA:31,(anonymous_13)
FNDA:27,(anonymous_14)
FNDA:0,(anonymous_15)
FNDA:4,(anonymous_16)
FNDA:27,(anonymous_17)
FNDA:0,disconnect
FNDA:0,(anonymous_19)
FNDA:31,setupMethodCache
FNDA:14,asyncCall
FNDA:0,(anonymous_22)
FNDA:14,(anonymous_23)
FNDA:0,callMethod
FNDA:13,cacheCall
FNDA:0,(anonymous_26)
FNDA:13,(anonymous_27)
FNDA:22,login
FNDA:22,(anonymous_29)
FNDA:0,(anonymous_30)
FNDA:0,logout
FNDA:0,(anonymous_32)
FNDA:18,subscribe
FNDA:18,(anonymous_34)
FNDA:18,(anonymous_35)
FNDA:0,unsubscribe
FNDA:0,unsubscribeAll
FNDA:0,(anonymous_38)
FNDA:18,subscribeToMessages
FNDA:18,(anonymous_40)
FNDA:11,reactToMessages
FNDA:93,(anonymous_42)
FNDA:9,respondToMessages
FNDA:0,(anonymous_44)
FNDA:15,(anonymous_45)
FNDA:15,(anonymous_46)
FNDA:6,getRoomId
FNDA:5,getRoomName
FNDA:2,getDirectMessageRoomId
FNDA:2,(anonymous_50)
FNDA:4,joinRoom
FNDA:0,leaveRoom
FNDA:2,joinRooms
FNDA:4,(anonymous_56)
FNDA:10,prepareMessage
FNDA:10,sendMessage
FNDA:7,sendToRoomId
FNDA:6,(anonymous_60)
FNDA:2,sendToRoom
FNDA:2,(anonymous_62)
FNDA:2,sendDirectToUser
FNDA:2,(anonymous_64)
DA:1,1
DA:2,1
DA:10,1
DA:11,1
DA:15,1
DA:18,1
DA:19,1
DA:36,1
DA:37,36
DA:47,1
DA:48,12
DA:50,21
DA:67,1
DA:76,1
DA:88,1
DA:98,1
DA:108,1
DA:109,0
DA:129,1
DA:130,31
DA:131,31
DA:132,31
DA:133,31
DA:134,31
DA:142,31
DA:143,31
DA:144,31
DA:145,31
DA:146,31
DA:147,4
DA:148,4
DA:149,4
DA:150,4
DA:151,4
DA:156,31
DA:157,31
DA:158,27
DA:160,27
DA:161,27
DA:162,27
DA:171,1
DA:172,0
DA:173,0
DA:174,0
DA:185,31
DA:186,31
DA:194,31
DA:205,1
DA:206,14
DA:207,14
DA:208,14
DA:210,0
DA:211,0
DA:214,14
DA:217,14
DA:226,1
DA:227,0
DA:237,1
DA:238,13
DA:240,0
DA:241,0
DA:244,13
DA:247,13
DA:255,1
DA:257,22
DA:258,0
DA:263,0
DA:264,0
DA:266,22
DA:267,22
DA:268,22
DA:269,22
DA:271,22
DA:273,22
DA:274,22
DA:277,0
DA:278,0
DA:283,1
DA:284,0
DA:285,0
DA:286,0
DA:295,1
DA:296,18
DA:297,18
DA:298,18
DA:299,18
DA:300,18
DA:301,18
DA:302,18
DA:322,1
DA:323,0
DA:324,0
DA:325,0
DA:327,0
DA:328,0
DA:332,1
DA:333,0
DA:340,1
DA:341,18
DA:343,18
DA:346,18
DA:373,1
DA:374,11
DA:376,11
DA:377,93
DA:378,93
DA:379,93
DA:380,93
DA:381,28
DA:382,28
DA:384,65
DA:387,0
DA:401,1
DA:402,9
DA:403,9
DA:407,9
DA:413,1
DA:414,0
DA:418,9
DA:419,15
DA:420,15
DA:421,0
DA:422,0
DA:426,15
DA:429,14
DA:430,14
DA:433,13
DA:434,13
DA:437,13
DA:440,13
DA:445,13
DA:446,1
DA:447,1
DA:451,13
DA:454,5
DA:455,5
DA:456,5
DA:459,5
DA:462,5
DA:464,9
DA:492,1
DA:493,6
DA:497,1
DA:498,5
DA:506,1
DA:507,2
DA:511,1
DA:512,4
DA:513,4
DA:514,4
DA:515,0
DA:517,4
DA:518,4
DA:523,1
DA:524,0
DA:525,0
DA:526,0
DA:527,0
DA:529,0
DA:530,0
DA:535,1
DA:536,4
DA:543,1
DA:544,10
DA:545,10
DA:546,10
DA:553,1
DA:554,10
DA:562,1
DA:563,7
DA:564,4
DA:566,3
DA:567,6
DA:577,1
DA:578,2
DA:586,1
DA:587,2
LF:177
LH:143
BRDA:38,0,0,36
BRDA:38,0,1,21
BRDA:40,1,0,14
BRDA:40,1,1,22
BRDA:41,2,0,22
BRDA:41,2,1,20
BRDA:50,3,0,11
BRDA:50,3,1,1
BRDA:50,4,0,11
BRDA:50,4,1,0
BRDA:52,5,0,12
BRDA:52,5,1,11
BRDA:53,6,0,12
BRDA:53,6,1,11
BRDA:54,7,0,12
BRDA:54,7,1,11
BRDA:55,8,0,12
BRDA:55,8,1,11
BRDA:67,9,0,1
BRDA:67,9,1,1
BRDA:129,10,0,24
BRDA:151,11,0,3
BRDA:151,11,1,1
BRDA:156,12,0,31
BRDA:156,12,1,0
BRDA:161,13,0,2
BRDA:161,13,1,25
BRDA:187,14,0,31
BRDA:187,14,1,31
BRDA:188,15,0,31
BRDA:188,15,1,31
BRDA:191,16,0,31
BRDA:191,16,1,31
BRDA:192,17,0,31
BRDA:192,17,1,31
BRDA:195,18,0,31
BRDA:195,18,1,31
BRDA:196,19,0,31
BRDA:196,19,1,31
BRDA:206,20,0,14
BRDA:206,20,1,0
BRDA:215,21,0,10
BRDA:215,21,1,4
BRDA:228,22,0,0
BRDA:228,22,1,0
BRDA:245,23,0,12
BRDA:245,23,1,1
BRDA:257,24,0,0
BRDA:257,24,1,22
BRDA:259,25,0,0
BRDA:259,25,1,0
BRDA:260,26,0,0
BRDA:260,26,1,0
BRDA:266,27,0,22
BRDA:266,27,1,0
BRDA:266,27,2,0
BRDA:266,27,3,0
BRDA:267,28,0,22
BRDA:267,28,1,0
BRDA:267,28,2,0
BRDA:324,29,0,0
BRDA:324,29,1,0
BRDA:378,30,0,93
BRDA:378,30,1,0
BRDA:378,31,0,93
BRDA:378,31,1,93
BRDA:380,32,0,28
BRDA:380,32,1,65
BRDA:401,33,0,4
BRDA:407,34,0,1
BRDA:407,34,1,8
BRDA:408,35,0,9
BRDA:408,35,1,9
BRDA:408,35,2,1
BRDA:408,35,3,1
BRDA:420,36,0,0
BRDA:420,36,1,15
BRDA:426,37,0,1
BRDA:426,37,1,14
BRDA:430,38,0,1
BRDA:430,38,1,13
BRDA:430,39,0,14
BRDA:430,39,1,3
BRDA:434,40,0,0
BRDA:434,40,1,13
BRDA:434,41,0,13
BRDA:434,41,1,0
BRDA:437,42,0,0
BRDA:437,42,1,13
BRDA:437,43,0,13
BRDA:437,43,1,13
BRDA:437,43,2,11
BRDA:445,44,0,1
BRDA:445,44,1,12
BRDA:445,45,0,13
BRDA:445,45,1,1
BRDA:447,46,0,1
BRDA:447,46,1,0
BRDA:451,47,0,8
BRDA:451,47,1,5
BRDA:455,48,0,0
BRDA:455,48,1,5
BRDA:459,49,0,3
BRDA:459,49,1,2
BRDA:459,50,0,5
BRDA:459,50,1,3
BRDA:514,51,0,0
BRDA:514,51,1,4
BRDA:526,52,0,0
BRDA:526,52,1,0
BRDA:545,53,0,10
BRDA:545,53,1,0
BRDA:563,54,0,4
BRDA:563,54,1,3
BRF:114
BRH:86
end_of_record
TN:
SF:/Volumes/x/code/rocketchat/Rocket.Chat.js.SDK/src/lib/log.ts
FN:5,(anonymous_0)
FN:8,(anonymous_1)
FN:11,(anonymous_2)
FN:14,(anonymous_3)
FN:17,(anonymous_4)
FN:24,replaceLog
FN:28,silence
FN:30,(anonymous_7)
FN:31,(anonymous_8)
FN:32,(anonymous_9)
FN:33,(anonymous_10)
FN:34,(anonymous_11)
FNF:12
FNH:4
FNDA:0,(anonymous_0)
FNDA:0,(anonymous_1)
FNDA:0,(anonymous_2)
FNDA:0,(anonymous_3)
FNDA:0,(anonymous_4)
FNDA:1,replaceLog
FNDA:1,silence
FNDA:128,(anonymous_7)
FNDA:183,(anonymous_8)
FNDA:0,(anonymous_9)
FNDA:0,(anonymous_10)
FNDA:0,(anonymous_11)
DA:6,0
DA:9,0
DA:12,0
DA:15,0
DA:18,0
DA:22,1
DA:25,1
DA:29,1
DA:30,128
DA:31,183
DA:32,0
DA:33,0
DA:34,0
DA:39,1
DA:40,1
DA:41,1
LF:16
LH:8
BRF:0
BRH:0
end_of_record
TN:
SF:/Volumes/x/code/rocketchat/Rocket.Chat.js.SDK/src/lib/message.ts
FN:14,(anonymous_0)
FN:19,(anonymous_1)
FNF:2
FNH:2
FNDA:16,(anonymous_0)
FNDA:13,(anonymous_1)
DA:13,1
DA:15,16
DA:16,2
DA:17,16
DA:20,13
DA:21,13
LF:6
LH:6
BRDA:15,0,0,14
BRDA:15,0,1,2
BRF:2
BRH:2
end_of_record
TN:
SF:/Volumes/x/code/rocketchat/Rocket.Chat.js.SDK/src/lib/methodCache.ts
FN:16,use
FN:26,create
FN:37,call
FN:60,has
FN:69,get
FN:78,reset
FN:88,resetAll
FN:89,(anonymous_8)
FNF:8
FNH:8
FNDA:47,use
FNDA:100,create
FNDA:36,call
FNDA:3,has
FNDA:4,get
FNDA:3,reset
FNDA:20,resetAll
FNDA:126,(anonymous_8)
DA:1,1
DA:2,1
DA:6,1
DA:7,1
DA:16,1
DA:17,47
DA:26,1
DA:27,100
DA:28,100
DA:29,100
DA:37,1
DA:38,36
DA:39,36
DA:42,36
DA:43,2
DA:45,2
DA:48,34
DA:49,34
DA:50,32
DA:52,34
DA:60,1
DA:61,3
DA:69,1
DA:70,4
DA:78,1
DA:79,3
DA:80,3
DA:81,1
DA:88,1
DA:89,126
LF:30
LH:30
BRDA:26,0,0,5
BRDA:38,1,0,3
BRDA:38,1,1,33
BRDA:42,2,0,2
BRDA:42,2,1,34
BRDA:70,3,0,4
BRDA:70,3,1,0
BRDA:79,4,0,3
BRDA:79,4,1,0
BRDA:80,5,0,2
BRDA:80,5,1,1
BRF:11
BRH:9
end_of_record
