TN:
SF:/Volumes/Workspace/Rocket.Chat.js.SDK/src/lib/api.ts
FN:2,(anonymous_0)
FN:3,(anonymous_1)
FN:4,fulfilled
FN:5,rejected
FN:6,step
FN:6,(anonymous_5)
FN:10,(anonymous_6)
FN:25,loggedIn
FN:40,getQueryString
FN:43,(anonymous_9)
FN:55,setAuth
FN:61,getHeaders
FN:73,clearHeaders
FN:79,success
FN:97,post
FN:98,(anonymous_15)
FN:104,(anonymous_16)
FN:105,(anonymous_17)
FN:112,(anonymous_18)
FN:131,get
FN:132,(anonymous_20)
FN:139,(anonymous_21)
FN:140,(anonymous_22)
FN:147,(anonymous_23)
FN:167,put
FN:168,(anonymous_25)
FN:174,(anonymous_26)
FN:175,(anonymous_27)
FN:182,(anonymous_28)
FN:203,del
FN:204,(anonymous_30)
FN:210,(anonymous_31)
FN:211,(anonymous_32)
FN:218,(anonymous_33)
FN:235,login
FN:239,(anonymous_35)
FN:269,logout
FN:275,(anonymous_37)
FN:285,(anonymous_38)
FN:285,(anonymous_39)
FN:286,(anonymous_40)
FN:286,(anonymous_41)
FN:286,(anonymous_42)
FN:287,(anonymous_43)
FN:287,(anonymous_44)
FN:287,(anonymous_45)
FN:288,(anonymous_46)
FN:288,(anonymous_47)
FN:289,(anonymous_48)
FN:289,(anonymous_49)
FN:289,(anonymous_50)
FN:290,(anonymous_51)
FN:290,(anonymous_52)
FN:290,(anonymous_53)
FNF:54
FNH:0
FNDA:0,(anonymous_0)
FNDA:0,(anonymous_1)
FNDA:0,fulfilled
FNDA:0,rejected
FNDA:0,step
FNDA:0,(anonymous_5)
FNDA:0,(anonymous_6)
FNDA:0,loggedIn
FNDA:0,getQueryString
FNDA:0,(anonymous_9)
FNDA:0,setAuth
FNDA:0,getHeaders
FNDA:0,clearHeaders
FNDA:0,success
FNDA:0,post
FNDA:0,(anonymous_15)
FNDA:0,(anonymous_16)
FNDA:0,(anonymous_17)
FNDA:0,(anonymous_18)
FNDA:0,get
FNDA:0,(anonymous_20)
FNDA:0,(anonymous_21)
FNDA:0,(anonymous_22)
FNDA:0,(anonymous_23)
FNDA:0,put
FNDA:0,(anonymous_25)
FNDA:0,(anonymous_26)
FNDA:0,(anonymous_27)
FNDA:0,(anonymous_28)
FNDA:0,del
FNDA:0,(anonymous_30)
FNDA:0,(anonymous_31)
FNDA:0,(anonymous_32)
FNDA:0,(anonymous_33)
FNDA:0,login
FNDA:0,(anonymous_35)
FNDA:0,logout
FNDA:0,(anonymous_37)
FNDA:0,(anonymous_38)
FNDA:0,(anonymous_39)
FNDA:0,(anonymous_40)
FNDA:0,(anonymous_41)
FNDA:0,(anonymous_42)
FNDA:0,(anonymous_43)
FNDA:0,(anonymous_44)
FNDA:0,(anonymous_45)
FNDA:0,(anonymous_46)
FNDA:0,(anonymous_47)
FNDA:0,(anonymous_48)
FNDA:0,(anonymous_49)
FNDA:0,(anonymous_50)
FNDA:0,(anonymous_51)
FNDA:0,(anonymous_52)
FNDA:0,(anonymous_53)
DA:2,0
DA:3,0
DA:4,0
DA:5,0
DA:6,0
DA:7,0
DA:10,0
DA:11,0
DA:12,0
DA:13,0
DA:14,0
DA:15,0
DA:17,0
DA:18,0
DA:19,0
DA:20,0
DA:21,0
DA:22,0
DA:23,0
DA:26,0
DA:28,0
DA:30,0
DA:31,0
DA:36,0
DA:41,0
DA:42,0
DA:43,0
DA:44,0
DA:47,0
DA:50,0
DA:52,0
DA:53,0
DA:56,0
DA:57,0
DA:59,0
DA:62,0
DA:63,0
DA:64,0
DA:67,0
DA:69,0
DA:71,0
DA:74,0
DA:75,0
DA:77,0
DA:80,0
DA:87,0
DA:98,0
DA:99,0
DA:100,0
DA:101,0
DA:102,0
DA:103,0
DA:104,0
DA:105,0
DA:106,0
DA:107,0
DA:108,0
DA:109,0
DA:111,0
DA:112,0
DA:114,0
DA:115,0
DA:118,0
DA:119,0
DA:123,0
DA:132,0
DA:133,0
DA:134,0
DA:135,0
DA:136,0
DA:137,0
DA:138,0
DA:139,0
DA:140,0
DA:141,0
DA:142,0
DA:143,0
DA:144,0
DA:146,0
DA:147,0
DA:149,0
DA:150,0
DA:153,0
DA:157,0
DA:168,0
DA:169,0
DA:170,0
DA:171,0
DA:172,0
DA:173,0
DA:174,0
DA:175,0
DA:176,0
DA:177,0
DA:178,0
DA:179,0
DA:181,0
DA:182,0
DA:184,0
DA:185,0
DA:188,0
DA:189,0
DA:193,0
DA:204,0
DA:205,0
DA:206,0
DA:207,0
DA:208,0
DA:209,0
DA:210,0
DA:211,0
DA:212,0
DA:213,0
DA:214,0
DA:215,0
DA:217,0
DA:218,0
DA:220,0
DA:221,0
DA:224,0
DA:225,0
DA:229,0
DA:239,0
DA:240,0
DA:241,0
DA:242,0
DA:243,0
DA:244,0
DA:247,0
DA:250,0
DA:251,0
DA:252,0
DA:258,0
DA:259,0
DA:260,0
DA:263,0
DA:267,0
DA:270,0
DA:271,0
DA:272,0
DA:274,0
DA:275,0
DA:276,0
DA:277,0
DA:280,0
DA:282,0
DA:284,0
DA:285,0
DA:286,0
DA:287,0
DA:288,0
DA:289,0
DA:290,0
LF:153
LH:0
BRDA:2,0,0,0
BRDA:2,0,1,0
BRDA:2,0,2,0
BRDA:3,1,0,0
BRDA:3,1,1,0
BRDA:6,2,0,0
BRDA:6,2,1,0
BRDA:7,3,0,0
BRDA:7,3,1,0
BRDA:10,4,0,0
BRDA:10,4,1,0
BRDA:10,4,2,0
BRDA:11,5,0,0
BRDA:11,5,1,0
BRDA:11,6,0,0
BRDA:11,6,1,0
BRDA:13,7,0,0
BRDA:13,7,1,0
BRDA:13,8,0,0
BRDA:13,8,1,0
BRDA:36,9,0,0
BRDA:36,9,1,0
BRDA:41,10,0,0
BRDA:41,10,1,0
BRDA:41,11,0,0
BRDA:41,11,1,0
BRDA:41,11,2,0
BRDA:44,12,0,0
BRDA:44,12,1,0
BRDA:61,13,0,0
BRDA:62,14,0,0
BRDA:62,14,1,0
BRDA:64,15,0,0
BRDA:64,15,1,0
BRDA:64,16,0,0
BRDA:64,16,1,0
BRDA:64,16,2,0
BRDA:64,16,3,0
BRDA:80,17,0,0
BRDA:80,17,1,0
BRDA:80,18,0,0
BRDA:80,18,1,0
BRDA:80,18,2,0
BRDA:80,18,3,0
BRDA:80,18,4,0
BRDA:80,18,5,0
BRDA:80,18,6,0
BRDA:80,18,7,0
BRDA:80,18,8,0
BRDA:80,18,9,0
BRDA:97,19,0,0
BRDA:101,20,0,0
BRDA:101,20,1,0
BRDA:101,21,0,0
BRDA:101,21,1,0
BRDA:106,22,0,0
BRDA:106,22,1,0
BRDA:108,23,0,0
BRDA:108,23,1,0
BRDA:131,24,0,0
BRDA:135,25,0,0
BRDA:135,25,1,0
BRDA:135,26,0,0
BRDA:135,26,1,0
BRDA:141,27,0,0
BRDA:141,27,1,0
BRDA:143,28,0,0
BRDA:143,28,1,0
BRDA:167,29,0,0
BRDA:171,30,0,0
BRDA:171,30,1,0
BRDA:171,31,0,0
BRDA:171,31,1,0
BRDA:176,32,0,0
BRDA:176,32,1,0
BRDA:178,33,0,0
BRDA:178,33,1,0
BRDA:203,34,0,0
BRDA:207,35,0,0
BRDA:207,35,1,0
BRDA:207,36,0,0
BRDA:207,36,1,0
BRDA:212,37,0,0
BRDA:212,37,1,0
BRDA:214,38,0,0
BRDA:214,38,1,0
BRDA:235,39,0,0
BRDA:241,40,0,0
BRDA:241,40,1,0
BRDA:243,41,0,0
BRDA:243,41,1,0
BRDA:251,42,0,0
BRDA:251,42,1,0
BRDA:251,43,0,0
BRDA:251,43,1,0
BRDA:251,43,2,0
BRDA:270,44,0,0
BRDA:270,44,1,0
BRDA:285,45,0,0
BRDA:288,46,0,0
BRF:100
BRH:0
end_of_record
TN:
SF:/Volumes/Workspace/Rocket.Chat.js.SDK/src/lib/driver.ts
FN:78,useLog
FN:99,connect
FN:103,(anonymous_10)
FN:110,(anonymous_11)
FN:111,(anonymous_12)
FN:116,(anonymous_13)
FN:118,(anonymous_14)
FN:129,(anonymous_15)
FN:141,disconnect
FN:145,(anonymous_17)
FN:155,setupMethodCache
FN:176,asyncCall
FN:180,(anonymous_20)
FN:184,(anonymous_21)
FN:199,callMethod
FN:210,cacheCall
FN:212,(anonymous_24)
FN:216,(anonymous_25)
FN:228,login
FN:249,(anonymous_27)
FN:253,(anonymous_28)
FN:260,logout
FN:262,(anonymous_30)
FN:273,subscribe
FN:277,(anonymous_32)
FN:282,(anonymous_33)
FN:290,unsubscribe
FN:300,unsubscribeAll
FN:301,(anonymous_36)
FN:308,subscribeToMessages
FN:310,(anonymous_38)
FN:339,reactToMessages
FN:342,(anonymous_40)
FN:367,respondToMessages
FN:384,(anonymous_42)
FN:390,(anonymous_43)
FN:390,(anonymous_44)
FN:436,getRoomId
FN:441,getRoomName
FN:450,getDirectMessageRoomId
FN:452,(anonymous_48)
FN:456,joinRoom
FN:468,leaveRoom
FN:480,joinRooms
FN:481,(anonymous_54)
FN:488,prepareMessage
FN:501,sendMessage
FN:514,sendToRoomId
FN:521,(anonymous_58)
FN:532,sendToRoom
FN:537,(anonymous_60)
FN:545,sendDirectToUser
FN:550,(anonymous_62)
FN:557,editMessage
FN:566,setReaction
FNF:55
FNH:47
FNDA:0,useLog
FNDA:37,connect
FNDA:37,(anonymous_10)
FNDA:33,(anonymous_11)
FNDA:1,(anonymous_12)
FNDA:0,(anonymous_13)
FNDA:4,(anonymous_14)
FNDA:33,(anonymous_15)
FNDA:1,disconnect
FNDA:1,(anonymous_17)
FNDA:37,setupMethodCache
FNDA:23,asyncCall
FNDA:0,(anonymous_20)
FNDA:23,(anonymous_21)
FNDA:1,callMethod
FNDA:13,cacheCall
FNDA:0,(anonymous_24)
FNDA:13,(anonymous_25)
FNDA:28,login
FNDA:28,(anonymous_27)
FNDA:0,(anonymous_28)
FNDA:2,logout
FNDA:0,(anonymous_30)
FNDA:15,subscribe
FNDA:15,(anonymous_32)
FNDA:15,(anonymous_33)
FNDA:8,unsubscribe
FNDA:1,unsubscribeAll
FNDA:8,(anonymous_36)
FNDA:15,subscribeToMessages
FNDA:15,(anonymous_38)
FNDA:12,reactToMessages
FNDA:129,(anonymous_40)
FNDA:10,respondToMessages
FNDA:0,(anonymous_42)
FNDA:22,(anonymous_43)
FNDA:22,(anonymous_44)
FNDA:8,getRoomId
FNDA:3,getRoomName
FNDA:2,getDirectMessageRoomId
FNDA:2,(anonymous_48)
FNDA:4,joinRoom
FNDA:0,leaveRoom
FNDA:2,joinRooms
FNDA:4,(anonymous_54)
FNDA:14,prepareMessage
FNDA:15,sendMessage
FNDA:8,sendToRoomId
FNDA:6,(anonymous_58)
FNDA:2,sendToRoom
FNDA:2,(anonymous_60)
FNDA:2,sendDirectToUser
FNDA:2,(anonymous_62)
FNDA:1,editMessage
FNDA:2,setReaction
DA:1,1
DA:2,1
DA:3,1
DA:4,1
DA:5,1
DA:19,1
DA:23,1
DA:24,1
DA:37,1
DA:46,1
DA:58,1
DA:68,1
DA:78,1
DA:79,0
DA:99,1
DA:103,37
DA:104,37
DA:105,37
DA:106,37
DA:107,37
DA:109,37
DA:110,37
DA:111,33
DA:114,33
DA:116,37
DA:117,37
DA:118,37
DA:119,4
DA:120,4
DA:121,4
DA:122,4
DA:123,4
DA:128,37
DA:129,37
DA:130,33
DA:132,33
DA:133,33
DA:134,33
DA:141,1
DA:142,1
DA:143,1
DA:144,1
DA:145,1
DA:156,37
DA:157,37
DA:165,37
DA:176,1
DA:177,23
DA:178,23
DA:179,23
DA:181,0
DA:182,0
DA:185,23
DA:188,23
DA:199,1
DA:200,1
DA:210,1
DA:211,13
DA:213,0
DA:214,0
DA:217,13
DA:220,13
DA:228,1
DA:242,28
DA:243,28
DA:248,28
DA:250,28
DA:251,28
DA:254,0
DA:255,0
DA:260,1
DA:261,2
DA:263,0
DA:264,0
DA:273,1
DA:277,15
DA:278,15
DA:279,15
DA:280,15
DA:281,15
DA:283,15
DA:284,15
DA:290,1
DA:291,8
DA:292,8
DA:293,8
DA:295,8
DA:296,8
DA:300,1
DA:301,8
DA:308,1
DA:309,15
DA:311,15
DA:312,15
DA:339,1
DA:340,12
DA:342,12
DA:343,129
DA:344,129
DA:345,129
DA:346,129
DA:347,61
DA:348,61
DA:350,68
DA:353,0
DA:367,1
DA:371,10
DA:373,10
DA:377,10
DA:383,1
DA:385,0
DA:389,10
DA:390,22
DA:391,22
DA:392,0
DA:393,0
DA:397,22
DA:400,21
DA:401,21
DA:404,20
DA:405,20
DA:408,20
DA:411,20
DA:414,20
DA:417,18
DA:420,18
DA:423,6
DA:424,6
DA:427,6
DA:429,10
DA:436,1
DA:437,8
DA:441,1
DA:442,3
DA:450,1
DA:451,2
DA:452,2
DA:456,1
DA:457,4
DA:458,4
DA:459,4
DA:460,0
DA:462,4
DA:463,4
DA:468,1
DA:469,0
DA:470,0
DA:471,0
DA:472,0
DA:474,0
DA:475,0
DA:480,1
DA:481,4
DA:488,1
DA:492,14
DA:493,14
DA:494,14
DA:501,1
DA:502,15
DA:514,1
DA:518,8
DA:519,5
DA:521,3
DA:522,6
DA:532,1
DA:536,2
DA:537,2
DA:545,1
DA:549,2
DA:550,2
DA:557,1
DA:558,1
DA:566,1
DA:567,2
LF:174
LH:154
BRDA:100,0,0,30
BRDA:123,1,0,3
BRDA:123,1,1,1
BRDA:128,2,0,37
BRDA:128,2,1,0
BRDA:133,3,0,2
BRDA:133,3,1,31
BRDA:177,4,0,21
BRDA:177,4,1,2
BRDA:186,5,0,16
BRDA:186,5,1,7
BRDA:201,6,0,1
BRDA:201,6,1,0
BRDA:200,7,0,1
BRDA:200,7,1,1
BRDA:218,8,0,12
BRDA:218,8,1,1
BRDA:228,9,0,28
BRDA:244,10,0,28
BRDA:244,10,1,28
BRDA:292,11,0,0
BRDA:292,11,1,8
BRDA:344,12,0,129
BRDA:344,12,1,0
BRDA:344,13,0,129
BRDA:344,13,1,129
BRDA:346,14,0,61
BRDA:346,14,1,68
BRDA:369,15,0,1
BRDA:377,16,0,1
BRDA:377,16,1,9
BRDA:378,17,0,10
BRDA:378,17,1,10
BRDA:378,17,2,1
BRDA:378,17,3,1
BRDA:391,18,0,0
BRDA:391,18,1,22
BRDA:397,19,0,1
BRDA:397,19,1,21
BRDA:401,20,0,1
BRDA:401,20,1,20
BRDA:401,21,0,21
BRDA:401,21,1,2
BRDA:405,22,0,0
BRDA:405,22,1,20
BRDA:405,23,0,20
BRDA:405,23,1,0
BRDA:408,24,0,0
BRDA:408,24,1,20
BRDA:408,25,0,20
BRDA:408,25,1,20
BRDA:408,25,2,19
BRDA:414,26,0,2
BRDA:414,26,1,18
BRDA:414,27,0,20
BRDA:414,27,1,19
BRDA:417,28,0,1
BRDA:417,28,1,17
BRDA:420,29,0,12
BRDA:420,29,1,6
BRDA:459,30,0,0
BRDA:459,30,1,4
BRDA:471,31,0,0
BRDA:471,31,1,0
BRDA:493,32,0,11
BRDA:493,32,1,3
BRDA:518,33,0,5
BRDA:518,33,1,3
BRF:68
BRH:57
end_of_record
TN:
SF:/Volumes/Workspace/Rocket.Chat.js.SDK/src/lib/log.ts
FN:5,(anonymous_0)
FN:8,(anonymous_1)
FN:11,(anonymous_2)
FN:14,(anonymous_3)
FN:17,(anonymous_4)
FN:23,replaceLog
FN:27,silence
FN:29,(anonymous_7)
FN:30,(anonymous_8)
FN:31,(anonymous_9)
FN:32,(anonymous_10)
FN:33,(anonymous_11)
FNF:12
FNH:0
FNDA:0,(anonymous_0)
FNDA:0,(anonymous_1)
FNDA:0,(anonymous_2)
FNDA:0,(anonymous_3)
FNDA:0,(anonymous_4)
FNDA:0,replaceLog
FNDA:0,silence
FNDA:0,(anonymous_7)
FNDA:0,(anonymous_8)
FNDA:0,(anonymous_9)
FNDA:0,(anonymous_10)
FNDA:0,(anonymous_11)
DA:2,0
DA:6,0
DA:9,0
DA:12,0
DA:15,0
DA:18,0
DA:21,0
DA:22,0
DA:24,0
DA:26,0
DA:28,0
DA:29,0
DA:30,0
DA:31,0
DA:32,0
DA:33,0
DA:36,0
LF:17
LH:0
BRF:0
BRH:0
end_of_record
TN:
SF:/Volumes/Workspace/Rocket.Chat.js.SDK/src/lib/message.ts
FN:14,(anonymous_0)
FN:19,(anonymous_1)
FNF:2
FNH:2
FNDA:20,(anonymous_0)
FNDA:14,(anonymous_1)
DA:13,1
DA:15,20
DA:16,5
DA:17,20
DA:20,14
DA:21,14
LF:6
LH:6
BRDA:15,0,0,15
BRDA:15,0,1,5
BRF:2
BRH:2
end_of_record
TN:
SF:/Volumes/Workspace/Rocket.Chat.js.SDK/src/lib/methodCache.ts
FN:16,use
FN:26,create
FN:37,call
FN:60,has
FN:69,get
FN:78,reset
FN:88,resetAll
FN:89,(anonymous_8)
FNF:8
FNH:8
FNDA:53,use
FNDA:118,create
FNDA:36,call
FNDA:4,has
FNDA:4,get
FNDA:3,reset
FNDA:20,resetAll
FNDA:126,(anonymous_8)
DA:1,1
DA:2,1
DA:6,1
DA:7,1
DA:16,1
DA:17,53
DA:26,1
DA:27,118
DA:28,118
DA:29,118
DA:37,1
DA:38,36
DA:39,36
DA:42,36
DA:43,3
DA:45,3
DA:48,33
DA:49,33
DA:50,31
DA:52,34
DA:60,1
DA:61,4
DA:69,1
DA:70,4
DA:78,1
DA:79,3
DA:80,3
DA:81,1
DA:88,1
DA:89,126
LF:30
LH:30
BRDA:26,0,0,5
BRDA:38,1,0,3
BRDA:38,1,1,33
BRDA:42,2,0,3
BRDA:42,2,1,33
BRDA:70,3,0,4
BRDA:70,3,1,0
BRDA:79,4,0,3
BRDA:79,4,1,0
BRDA:80,5,0,2
BRDA:80,5,1,1
BRF:11
BRH:9
end_of_record
TN:
SF:/Volumes/Workspace/Rocket.Chat.js.SDK/src/lib/settings.ts
FN:15,(anonymous_0)
FNF:1
FNH:0
FNDA:0,(anonymous_0)
DA:2,0
DA:4,0
DA:5,0
DA:6,0
DA:8,0
DA:9,0
DA:12,0
DA:14,0
DA:15,0
DA:17,0
DA:18,0
DA:19,0
DA:20,0
DA:22,0
DA:24,0
DA:25,0
DA:26,0
DA:27,0
LF:18
LH:0
BRDA:4,0,0,0
BRDA:4,0,1,0
BRDA:5,1,0,0
BRDA:5,1,1,0
BRDA:8,2,0,0
BRDA:8,2,1,0
BRDA:9,3,0,0
BRDA:9,3,1,0
BRDA:10,4,0,0
BRDA:10,4,1,0
BRDA:11,5,0,0
BRDA:11,5,1,0
BRDA:14,6,0,0
BRDA:14,6,1,0
BRDA:15,7,0,0
BRDA:15,7,1,0
BRDA:17,8,0,0
BRDA:17,8,1,0
BRDA:18,9,0,0
BRDA:18,9,1,0
BRDA:19,10,0,0
BRDA:19,10,1,0
BRDA:20,11,0,0
BRDA:20,11,1,0
BRDA:22,12,0,0
BRDA:22,12,1,0
BRDA:24,13,0,0
BRDA:24,13,1,0
BRDA:25,14,0,0
BRDA:25,14,1,0
BRDA:26,15,0,0
BRDA:26,15,1,0
BRDA:27,16,0,0
BRDA:27,16,1,0
BRF:34
BRH:0
end_of_record
